<?xml version='1.0' encoding='UTF-8'?>
<testsuite hostname="lizzie-VMware-Virtual-Platform" name="tests.OutputHandlerTest" tests="1" errors="0" failures="0" skipped="0" time="0.033" timestamp="2025-07-17T21:42:10">
          <properties>
[...]
</properties>
          <testcase classname="tests.OutputHandlerTest" name="OutputHandler gives translation back to user" time="0.033">
                      
                    </testcase>
          <system-out><![CDATA[]]></system-out>
          <system-err><![CDATA[]]></system-err>
        </testsuite>